This file contains any messages produced by compilers while
running configure, to aid debugging if configure makes a mistake.

It was created by BCFtools configure 1.11, which was
generated by GNU Autoconf 2.69.  Invocation command line was

  $ ./configure --prefix=/home/rapiduser/bcftools-1.11

## --------- ##
## Platform. ##
## --------- ##

hostname = rapid-1372.vm.duke.edu
uname -m = x86_64
uname -r = 4.15.0-122-generic
uname -s = Linux
uname -v = #124-Ubuntu SMP Thu Oct 15 13:03:05 UTC 2020

/usr/bin/uname -p = unknown
/bin/uname -X     = unknown

/bin/arch              = unknown
/usr/bin/arch -k       = unknown
/usr/convex/getsysinfo = unknown
/usr/bin/hostinfo      = unknown
/bin/machine           = unknown
/usr/bin/oslevel       = unknown
/bin/universe          = unknown

PATH: /home/rapiduser/samtools-1.11
PATH: /usr/local/sbin
PATH: /usr/local/bin
PATH: /usr/sbin
PATH: /usr/bin
PATH: /sbin
PATH: /bin
PATH: /usr/games
PATH: /usr/local/games
PATH: /snap/bin


## ----------- ##
## Core tests. ##
## ----------- ##

configure:2014: checking for gcc
configure:2030: found /usr/bin/gcc
configure:2041: result: gcc
configure:2270: checking for C compiler version
configure:2279: gcc --version >&5
gcc (Ubuntu 7.5.0-3ubuntu1~18.04) 7.5.0
Copyright (C) 2017 Free Software Foundation, Inc.
This is free software; see the source for copying conditions.  There is NO
warranty; not even for MERCHANTABILITY or FITNESS FOR A PARTICULAR PURPOSE.

configure:2290: $? = 0
configure:2279: gcc -v >&5
Using built-in specs.
COLLECT_GCC=gcc
COLLECT_LTO_WRAPPER=/usr/lib/gcc/x86_64-linux-gnu/7/lto-wrapper
OFFLOAD_TARGET_NAMES=nvptx-none
OFFLOAD_TARGET_DEFAULT=1
Target: x86_64-linux-gnu
Configured with: ../src/configure -v --with-pkgversion='Ubuntu 7.5.0-3ubuntu1~18.04' --with-bugurl=file:///usr/share/doc/gcc-7/README.Bugs --enable-languages=c,ada,c++,go,brig,d,fortran,objc,obj-c++ --prefix=/usr --with-gcc-major-version-only --program-suffix=-7 --program-prefix=x86_64-linux-gnu- --enable-shared --enable-linker-build-id --libexecdir=/usr/lib --without-included-gettext --enable-threads=posix --libdir=/usr/lib --enable-nls --enable-bootstrap --enable-clocale=gnu --enable-libstdcxx-debug --enable-libstdcxx-time=yes --with-default-libstdcxx-abi=new --enable-gnu-unique-object --disable-vtable-verify --enable-libmpx --enable-plugin --enable-default-pie --with-system-zlib --with-target-system-zlib --enable-objc-gc=auto --enable-multiarch --disable-werror --with-arch-32=i686 --with-abi=m64 --with-multilib-list=m32,m64,mx32 --enable-multilib --with-tune=generic --enable-offload-targets=nvptx-none --without-cuda-driver --enable-checking=release --build=x86_64-linux-gnu --host=x86_64-linux-gnu --target=x86_64-linux-gnu
Thread model: posix
gcc version 7.5.0 (Ubuntu 7.5.0-3ubuntu1~18.04) 
configure:2290: $? = 0
configure:2279: gcc -V >&5
gcc: error: unrecognized command line option '-V'
gcc: fatal error: no input files
compilation terminated.
configure:2290: $? = 1
configure:2279: gcc -qversion >&5
gcc: error: unrecognized command line option '-qversion'; did you mean '--version'?
gcc: fatal error: no input files
compilation terminated.
configure:2290: $? = 1
configure:2310: checking whether the C compiler works
configure:2332: gcc    conftest.c  >&5
configure:2336: $? = 0
configure:2384: result: yes
configure:2387: checking for C compiler default output file name
configure:2389: result: a.out
configure:2395: checking for suffix of executables
configure:2402: gcc -o conftest    conftest.c  >&5
configure:2406: $? = 0
configure:2428: result: 
configure:2450: checking whether we are cross compiling
configure:2458: gcc -o conftest    conftest.c  >&5
configure:2462: $? = 0
configure:2469: ./conftest
configure:2473: $? = 0
configure:2488: result: no
configure:2493: checking for suffix of object files
configure:2515: gcc -c   conftest.c >&5
configure:2519: $? = 0
configure:2540: result: o
configure:2544: checking whether we are using the GNU C compiler
configure:2563: gcc -c   conftest.c >&5
configure:2563: $? = 0
configure:2572: result: yes
configure:2581: checking whether gcc accepts -g
configure:2601: gcc -c -g  conftest.c >&5
configure:2601: $? = 0
configure:2642: result: yes
configure:2659: checking for gcc option to accept ISO C89
configure:2722: gcc  -c -g -O2  conftest.c >&5
configure:2722: $? = 0
configure:2735: result: none needed
configure:2756: checking for grep that handles long lines and -e
configure:2814: result: /bin/grep
configure:2839: checking for C compiler warning flags
configure:2952: result: -Wall
configure:3045: checking for special C compiler options needed for large files
configure:3090: result: no
configure:3096: checking for _FILE_OFFSET_BITS value needed for large files
configure:3121: gcc -c  -Wall -g -O2  conftest.c >&5
configure:3121: $? = 0
configure:3153: result: no
configure:3355: checking location of HTSlib source tree
configure:3376: result: htslib-1.11
configure:3561: checking shared library type
configure:3591: result: plain .so
configure:3607: checking for library containing dlopen
configure:3638: gcc -o conftest  -Wall -g -O2   conftest.c  >&5
/tmp/ccJVDV6Y.o: In function `main':
/home/rapiduser/bcftools-1.11/conftest.c:22: undefined reference to `dlopen'
collect2: error: ld returned 1 exit status
configure:3638: $? = 1
configure: failed program was:
| /* confdefs.h */
| #define PACKAGE_NAME "BCFtools"
| #define PACKAGE_TARNAME "bcftools"
| #define PACKAGE_VERSION "1.11"
| #define PACKAGE_STRING "BCFtools 1.11"
| #define PACKAGE_BUGREPORT "samtools-help@lists.sourceforge.net"
| #define PACKAGE_URL "http://www.htslib.org/"
| #define PLUGIN_EXT ".so"
| #define ENABLE_BCF_PLUGINS 1
| /* end confdefs.h.  */
| 
| /* Override any GCC internal prototype to avoid an error.
|    Use char because int might match the return type of a GCC
|    builtin and then its argument prototype would still apply.  */
| #ifdef __cplusplus
| extern "C"
| #endif
| char dlopen ();
| int
| main ()
| {
| return dlopen ();
|   ;
|   return 0;
| }
configure:3638: gcc -o conftest  -Wall -g -O2   conftest.c -ldl   >&5
configure:3638: $? = 0
configure:3655: result: -ldl
configure:3734: checking if the compiler accepts -rdynamic
configure:3749: gcc -o conftest  -Wall -g -O2 -rdynamic   conftest.c -ldl  >&5
configure:3749: $? = 0
configure:3757: result: yes
configure:3769: checking for zlib.h
configure:3769: gcc -c  -Wall -g -O2  conftest.c >&5
configure:3769: $? = 0
configure:3769: result: yes
configure:3778: checking for inflate in -lz
configure:3803: gcc -o conftest  -Wall -g -O2   conftest.c -lz  -ldl  >&5
configure:3803: $? = 0
configure:3812: result: yes
configure:4111: checking for library containing regcomp
configure:4142: gcc -o conftest  -Wall -g -O2   conftest.c -ldl  >&5
configure:4142: $? = 0
configure:4159: result: none required
configure:4297: creating ./config.status

## ---------------------- ##
## Running config.status. ##
## ---------------------- ##

This file was extended by BCFtools config.status 1.11, which was
generated by GNU Autoconf 2.69.  Invocation command line was

  CONFIG_FILES    = 
  CONFIG_HEADERS  = 
  CONFIG_LINKS    = 
  CONFIG_COMMANDS = 
  $ ./config.status 

on rapid-1372.vm.duke.edu

config.status:808: creating config.mk
config.status:808: creating config.h
configure:5522: === configuring in htslib-1.11 (/home/rapiduser/bcftools-1.11/htslib-1.11)
configure:5585: running /bin/bash ./configure --disable-option-checking '--prefix=/home/rapiduser/bcftools-1.11'  --cache-file=/dev/null --srcdir=.

## ---------------- ##
## Cache variables. ##
## ---------------- ##

ac_cv_c_compiler_gnu=yes
ac_cv_env_CC_set=
ac_cv_env_CC_value=
ac_cv_env_CFLAGS_set=
ac_cv_env_CFLAGS_value=
ac_cv_env_CPPFLAGS_set=
ac_cv_env_CPPFLAGS_value=
ac_cv_env_LDFLAGS_set=
ac_cv_env_LDFLAGS_value=
ac_cv_env_LIBS_set=
ac_cv_env_LIBS_value=
ac_cv_env_build_alias_set=
ac_cv_env_build_alias_value=
ac_cv_env_host_alias_set=
ac_cv_env_host_alias_value=
ac_cv_env_target_alias_set=
ac_cv_env_target_alias_value=
ac_cv_header_zlib_h=yes
ac_cv_lib_z_inflate=yes
ac_cv_objext=o
ac_cv_path_GREP=/bin/grep
ac_cv_prog_ac_ct_CC=gcc
ac_cv_prog_cc_c89=
ac_cv_prog_cc_g=yes
ac_cv_search_dlopen=-ldl
ac_cv_search_regcomp='none required'
ac_cv_sys_file_offset_bits=no
ac_cv_sys_largefile_CC=no
ax_cv_htslib=yes
ax_cv_htslib_which=source
hts_cv_prog_cc_warnings=-Wall

## ----------------- ##
## Output variables. ##
## ----------------- ##

CC='gcc'
CC_RDYNAMIC_OPT='-rdynamic'
CFLAGS=' -Wall -g -O2'
CPPFLAGS=''
DEFS='-DHAVE_CONFIG_H'
ECHO_C=''
ECHO_N='-n'
ECHO_T=''
EXEEXT=''
GREP='/bin/grep'
GSL_LIBS=''
HTSDIR='htslib-1.11'
HTSLIB_CPPFLAGS='-Ihtslib-1.11'
HTSLIB_DLL=''
HTSLIB_LDFLAGS='-Lhtslib-1.11'
Hinstall='#'
Hsource=''
LDFLAGS=''
LIBOBJS=''
LIBS='-ldl '
LTLIBOBJS=''
OBJEXT='o'
PACKAGE_BUGREPORT='samtools-help@lists.sourceforge.net'
PACKAGE_NAME='BCFtools'
PACKAGE_STRING='BCFtools 1.11'
PACKAGE_TARNAME='bcftools'
PACKAGE_URL='http://www.htslib.org/'
PACKAGE_VERSION='1.11'
PATH_SEPARATOR=':'
PERL_CCOPTS=''
PERL_LIBS=''
PLATFORM='default'
PLUGIN_EXT='.so'
SHELL='/bin/bash'
USE_GPL=''
ac_ct_CC='gcc'
bcf_plugindir='$(libexecdir)/bcftools'
bcf_pluginpath='$(libexecdir)/bcftools'
bindir='${exec_prefix}/bin'
build_alias=''
datadir='${datarootdir}'
datarootdir='${prefix}/share'
docdir='${datarootdir}/doc/${PACKAGE_TARNAME}'
dvidir='${docdir}'
enable_bcftools_plugins='yes'
enable_perl_filters='no'
exec_prefix='${prefix}'
host_alias='unknown-Linux'
htmldir='${docdir}'
includedir='${prefix}/include'
infodir='${datarootdir}/info'
libdir='${exec_prefix}/lib'
libexecdir='${exec_prefix}/libexec'
localedir='${datarootdir}/locale'
localstatedir='${prefix}/var'
mandir='${datarootdir}/man'
oldincludedir='/usr/include'
pdfdir='${docdir}'
prefix='/home/rapiduser/bcftools-1.11'
program_transform_name='s,x,x,'
psdir='${docdir}'
runstatedir='${localstatedir}/run'
sbindir='${exec_prefix}/sbin'
sharedstatedir='${prefix}/com'
subdirs=' htslib-1.11'
sysconfdir='${prefix}/etc'
target_alias=''

## ----------- ##
## confdefs.h. ##
## ----------- ##

/* confdefs.h */
#define PACKAGE_NAME "BCFtools"
#define PACKAGE_TARNAME "bcftools"
#define PACKAGE_VERSION "1.11"
#define PACKAGE_STRING "BCFtools 1.11"
#define PACKAGE_BUGREPORT "samtools-help@lists.sourceforge.net"
#define PACKAGE_URL "http://www.htslib.org/"
#define PLUGIN_EXT ".so"
#define ENABLE_BCF_PLUGINS 1
#define HAVE_LIBZ 1

configure: exit 0
