This file contains any messages produced by compilers while
running configure, to aid debugging if configure makes a mistake.

It was created by idba configure 1.1.3, which was
generated by GNU Autoconf 2.69.  Invocation command line was

  $ ./configure 

## --------- ##
## Platform. ##
## --------- ##

hostname = rapid-1372.vm.duke.edu
uname -m = x86_64
uname -r = 5.4.0-56-generic
uname -s = Linux
uname -v = #62-Ubuntu SMP Mon Nov 23 19:20:19 UTC 2020

/usr/bin/uname -p = unknown
/bin/uname -X     = unknown

/bin/arch              = unknown
/usr/bin/arch -k       = unknown
/usr/convex/getsysinfo = unknown
/usr/bin/hostinfo      = unknown
/bin/machine           = unknown
/usr/bin/oslevel       = unknown
/bin/universe          = unknown

PATH: /dew-lover/tools/anaconda3/bin
PATH: /home/rapiduser/.vscode-server/bin/e5a624b788d92b8d34d1392e4c4d9789406efe8f/bin
PATH: /home/rapiduser/htslib-1.11/bin
PATH: /home/rapiduser/bcftools-1.11/bin
PATH: /home/rapiduser/samtools-1.11/bin
PATH: /home/rapiduser/.local/bin
PATH: /home/rapiduser/.vscode-server/bin/e5a624b788d92b8d34d1392e4c4d9789406efe8f/bin
PATH: /usr/local/sbin
PATH: /usr/local/bin
PATH: /usr/sbin
PATH: /usr/bin
PATH: /sbin
PATH: /bin
PATH: /usr/games
PATH: /usr/local/games
PATH: /snap/bin


## ----------- ##
## Core tests. ##
## ----------- ##

configure:2200: checking for a BSD-compatible install
configure:2268: result: /usr/bin/install -c
configure:2279: checking whether build environment is sane
configure:2334: result: yes
configure:2483: checking for a thread-safe mkdir -p
configure:2522: result: /bin/mkdir -p
configure:2529: checking for gawk
configure:2559: result: no
configure:2529: checking for mawk
configure:2545: found /usr/bin/mawk
configure:2556: result: mawk
configure:2567: checking whether make sets $(MAKE)
configure:2589: result: yes
configure:2618: checking whether make supports nested variables
configure:2635: result: yes
configure:2821: checking for g++
configure:2837: found /usr/bin/g++
configure:2848: result: g++
configure:2875: checking for C++ compiler version
configure:2884: g++ --version >&5
g++ (Ubuntu 9.3.0-17ubuntu1~20.04) 9.3.0
Copyright (C) 2019 Free Software Foundation, Inc.
This is free software; see the source for copying conditions.  There is NO
warranty; not even for MERCHANTABILITY or FITNESS FOR A PARTICULAR PURPOSE.

configure:2895: $? = 0
configure:2884: g++ -v >&5
Using built-in specs.
COLLECT_GCC=g++
COLLECT_LTO_WRAPPER=/usr/lib/gcc/x86_64-linux-gnu/9/lto-wrapper
OFFLOAD_TARGET_NAMES=nvptx-none:hsa
OFFLOAD_TARGET_DEFAULT=1
Target: x86_64-linux-gnu
Configured with: ../src/configure -v --with-pkgversion='Ubuntu 9.3.0-17ubuntu1~20.04' --with-bugurl=file:///usr/share/doc/gcc-9/README.Bugs --enable-languages=c,ada,c++,go,brig,d,fortran,objc,obj-c++,gm2 --prefix=/usr --with-gcc-major-version-only --program-suffix=-9 --program-prefix=x86_64-linux-gnu- --enable-shared --enable-linker-build-id --libexecdir=/usr/lib --without-included-gettext --enable-threads=posix --libdir=/usr/lib --enable-nls --enable-clocale=gnu --enable-libstdcxx-debug --enable-libstdcxx-time=yes --with-default-libstdcxx-abi=new --enable-gnu-unique-object --disable-vtable-verify --enable-plugin --enable-default-pie --with-system-zlib --with-target-system-zlib=auto --enable-objc-gc=auto --enable-multiarch --disable-werror --with-arch-32=i686 --with-abi=m64 --with-multilib-list=m32,m64,mx32 --enable-multilib --with-tune=generic --enable-offload-targets=nvptx-none=/build/gcc-9-HskZEa/gcc-9-9.3.0/debian/tmp-nvptx/usr,hsa --without-cuda-driver --enable-checking=release --build=x86_64-linux-gnu --host=x86_64-linux-gnu --target=x86_64-linux-gnu
Thread model: posix
gcc version 9.3.0 (Ubuntu 9.3.0-17ubuntu1~20.04) 
configure:2895: $? = 0
configure:2884: g++ -V >&5
g++: error: unrecognized command line option '-V'
g++: fatal error: no input files
compilation terminated.
configure:2895: $? = 1
configure:2884: g++ -qversion >&5
g++: error: unrecognized command line option '-qversion'; did you mean '--version'?
g++: fatal error: no input files
compilation terminated.
configure:2895: $? = 1
configure:2915: checking whether the C++ compiler works
configure:2937: g++    conftest.cpp  >&5
configure:2941: $? = 0
configure:2989: result: yes
configure:2992: checking for C++ compiler default output file name
configure:2994: result: a.out
configure:3000: checking for suffix of executables
configure:3007: g++ -o conftest    conftest.cpp  >&5
configure:3011: $? = 0
configure:3033: result: 
configure:3055: checking whether we are cross compiling
configure:3063: g++ -o conftest    conftest.cpp  >&5
configure:3067: $? = 0
configure:3074: ./conftest
configure:3078: $? = 0
configure:3066: result: no
configure:3071: checking for suffix of object files
configure:3093: g++ -c   conftest.cpp >&5
configure:3097: $? = 0
configure:3118: result: o
configure:3122: checking whether we are using the GNU C++ compiler
configure:3141: g++ -c   conftest.cpp >&5
configure:3141: $? = 0
configure:3150: result: yes
configure:3159: checking whether g++ accepts -g
configure:3179: g++ -c -g  conftest.cpp >&5
configure:3179: $? = 0
configure:3220: result: yes
configure:3254: checking for style of include used by make
configure:3282: result: GNU
configure:3308: checking dependency style of g++
configure:3419: result: gcc3
configure:3482: checking for gcc
configure:3498: found /usr/bin/gcc
configure:3509: result: gcc
configure:3738: checking for C compiler version
configure:3747: gcc --version >&5
gcc (Ubuntu 9.3.0-17ubuntu1~20.04) 9.3.0
Copyright (C) 2019 Free Software Foundation, Inc.
This is free software; see the source for copying conditions.  There is NO
warranty; not even for MERCHANTABILITY or FITNESS FOR A PARTICULAR PURPOSE.

configure:3758: $? = 0
configure:3747: gcc -v >&5
Using built-in specs.
COLLECT_GCC=gcc
COLLECT_LTO_WRAPPER=/usr/lib/gcc/x86_64-linux-gnu/9/lto-wrapper
OFFLOAD_TARGET_NAMES=nvptx-none:hsa
OFFLOAD_TARGET_DEFAULT=1
Target: x86_64-linux-gnu
Configured with: ../src/configure -v --with-pkgversion='Ubuntu 9.3.0-17ubuntu1~20.04' --with-bugurl=file:///usr/share/doc/gcc-9/README.Bugs --enable-languages=c,ada,c++,go,brig,d,fortran,objc,obj-c++,gm2 --prefix=/usr --with-gcc-major-version-only --program-suffix=-9 --program-prefix=x86_64-linux-gnu- --enable-shared --enable-linker-build-id --libexecdir=/usr/lib --without-included-gettext --enable-threads=posix --libdir=/usr/lib --enable-nls --enable-clocale=gnu --enable-libstdcxx-debug --enable-libstdcxx-time=yes --with-default-libstdcxx-abi=new --enable-gnu-unique-object --disable-vtable-verify --enable-plugin --enable-default-pie --with-system-zlib --with-target-system-zlib=auto --enable-objc-gc=auto --enable-multiarch --disable-werror --with-arch-32=i686 --with-abi=m64 --with-multilib-list=m32,m64,mx32 --enable-multilib --with-tune=generic --enable-offload-targets=nvptx-none=/build/gcc-9-HskZEa/gcc-9-9.3.0/debian/tmp-nvptx/usr,hsa --without-cuda-driver --enable-checking=release --build=x86_64-linux-gnu --host=x86_64-linux-gnu --target=x86_64-linux-gnu
Thread model: posix
gcc version 9.3.0 (Ubuntu 9.3.0-17ubuntu1~20.04) 
configure:3758: $? = 0
configure:3747: gcc -V >&5
gcc: error: unrecognized command line option '-V'
gcc: fatal error: no input files
compilation terminated.
configure:3758: $? = 1
configure:3747: gcc -qversion >&5
gcc: error: unrecognized command line option '-qversion'; did you mean '--version'?
gcc: fatal error: no input files
compilation terminated.
configure:3758: $? = 1
configure:3762: checking whether we are using the GNU C compiler
configure:3781: gcc -c   conftest.c >&5
configure:3781: $? = 0
configure:3790: result: yes
configure:3799: checking whether gcc accepts -g
configure:3819: gcc -c -g  conftest.c >&5
configure:3819: $? = 0
configure:3860: result: yes
configure:3877: checking for gcc option to accept ISO C89
configure:3940: gcc  -c -g -O2  conftest.c >&5
configure:3940: $? = 0
configure:3953: result: none needed
configure:3978: checking whether gcc understands -c and -o together
configure:4000: gcc -c conftest.c -o conftest2.o
configure:4003: $? = 0
configure:4000: gcc -c conftest.c -o conftest2.o
configure:4003: $? = 0
configure:4015: result: yes
configure:4034: checking dependency style of gcc
configure:4145: result: gcc3
configure:4207: checking for ranlib
configure:4223: found /usr/bin/ranlib
configure:4234: result: ranlib
configure:4266: checking how to run the C preprocessor
configure:4297: gcc -E  conftest.c
configure:4297: $? = 0
configure:4311: gcc -E  conftest.c
conftest.c:11:10: fatal error: ac_nonexistent.h: No such file or directory
   11 | #include <ac_nonexistent.h>
      |          ^~~~~~~~~~~~~~~~~~
compilation terminated.
configure:4311: $? = 1
configure: failed program was:
| /* confdefs.h */
| #define PACKAGE_NAME "idba"
| #define PACKAGE_TARNAME "idba"
| #define PACKAGE_VERSION "1.1.3"
| #define PACKAGE_STRING "idba 1.1.3"
| #define PACKAGE_BUGREPORT "loneknightpy@gmail.com"
| #define PACKAGE_URL ""
| #define PACKAGE "idba"
| #define VERSION "1.1.3"
| /* end confdefs.h.  */
| #include <ac_nonexistent.h>
configure:4336: result: gcc -E
configure:4356: gcc -E  conftest.c
configure:4356: $? = 0
configure:4370: gcc -E  conftest.c
conftest.c:11:10: fatal error: ac_nonexistent.h: No such file or directory
   11 | #include <ac_nonexistent.h>
      |          ^~~~~~~~~~~~~~~~~~
compilation terminated.
configure:4370: $? = 1
configure: failed program was:
| /* confdefs.h */
| #define PACKAGE_NAME "idba"
| #define PACKAGE_TARNAME "idba"
| #define PACKAGE_VERSION "1.1.3"
| #define PACKAGE_STRING "idba 1.1.3"
| #define PACKAGE_BUGREPORT "loneknightpy@gmail.com"
| #define PACKAGE_URL ""
| #define PACKAGE "idba"
| #define VERSION "1.1.3"
| /* end confdefs.h.  */
| #include <ac_nonexistent.h>
configure:4399: checking for grep that handles long lines and -e
configure:4457: result: /bin/grep
configure:4462: checking for egrep
configure:4524: result: /bin/grep -E
configure:4529: checking for ANSI C header files
configure:4549: gcc -c -g -O2  conftest.c >&5
configure:4549: $? = 0
configure:4622: gcc -o conftest -g -O2   conftest.c  >&5
configure:4622: $? = 0
configure:4622: ./conftest
configure:4622: $? = 0
configure:4633: result: yes
configure:4646: checking for sys/types.h
configure:4646: gcc -c -g -O2  conftest.c >&5
configure:4646: $? = 0
configure:4646: result: yes
configure:4646: checking for sys/stat.h
configure:4646: gcc -c -g -O2  conftest.c >&5
configure:4646: $? = 0
configure:4646: result: yes
configure:4646: checking for stdlib.h
configure:4646: gcc -c -g -O2  conftest.c >&5
configure:4646: $? = 0
configure:4646: result: yes
configure:4646: checking for string.h
configure:4646: gcc -c -g -O2  conftest.c >&5
configure:4646: $? = 0
configure:4646: result: yes
configure:4646: checking for memory.h
configure:4646: gcc -c -g -O2  conftest.c >&5
configure:4646: $? = 0
configure:4646: result: yes
configure:4646: checking for strings.h
configure:4646: gcc -c -g -O2  conftest.c >&5
configure:4646: $? = 0
configure:4646: result: yes
configure:4646: checking for inttypes.h
configure:4646: gcc -c -g -O2  conftest.c >&5
configure:4646: $? = 0
configure:4646: result: yes
configure:4646: checking for stdint.h
configure:4646: gcc -c -g -O2  conftest.c >&5
configure:4646: $? = 0
configure:4646: result: yes
configure:4646: checking for unistd.h
configure:4646: gcc -c -g -O2  conftest.c >&5
configure:4646: $? = 0
configure:4646: result: yes
configure:4658: checking for stdbool.h that conforms to C99
configure:4725: gcc -c -g -O2  conftest.c >&5
configure:4725: $? = 0
configure:4732: result: yes
configure:4734: checking for _Bool
configure:4734: gcc -c -g -O2  conftest.c >&5
configure:4734: $? = 0
configure:4734: gcc -c -g -O2  conftest.c >&5
conftest.c: In function 'main':
conftest.c:57:20: error: expected expression before ')' token
   57 | if (sizeof ((_Bool)))
      |                    ^
configure:4734: $? = 1
configure: failed program was:
| /* confdefs.h */
| #define PACKAGE_NAME "idba"
| #define PACKAGE_TARNAME "idba"
| #define PACKAGE_VERSION "1.1.3"
| #define PACKAGE_STRING "idba 1.1.3"
| #define PACKAGE_BUGREPORT "loneknightpy@gmail.com"
| #define PACKAGE_URL ""
| #define PACKAGE "idba"
| #define VERSION "1.1.3"
| #define STDC_HEADERS 1
| #define HAVE_SYS_TYPES_H 1
| #define HAVE_SYS_STAT_H 1
| #define HAVE_STDLIB_H 1
| #define HAVE_STRING_H 1
| #define HAVE_MEMORY_H 1
| #define HAVE_STRINGS_H 1
| #define HAVE_INTTYPES_H 1
| #define HAVE_STDINT_H 1
| #define HAVE_UNISTD_H 1
| /* end confdefs.h.  */
| #include <stdio.h>
| #ifdef HAVE_SYS_TYPES_H
| # include <sys/types.h>
| #endif
| #ifdef HAVE_SYS_STAT_H
| # include <sys/stat.h>
| #endif
| #ifdef STDC_HEADERS
| # include <stdlib.h>
| # include <stddef.h>
| #else
| # ifdef HAVE_STDLIB_H
| #  include <stdlib.h>
| # endif
| #endif
| #ifdef HAVE_STRING_H
| # if !defined STDC_HEADERS && defined HAVE_MEMORY_H
| #  include <memory.h>
| # endif
| # include <string.h>
| #endif
| #ifdef HAVE_STRINGS_H
| # include <strings.h>
| #endif
| #ifdef HAVE_INTTYPES_H
| # include <inttypes.h>
| #endif
| #ifdef HAVE_STDINT_H
| # include <stdint.h>
| #endif
| #ifdef HAVE_UNISTD_H
| # include <unistd.h>
| #endif
| int
| main ()
| {
| if (sizeof ((_Bool)))
| 	    return 0;
|   ;
|   return 0;
| }
configure:4734: result: yes
configure:4751: checking for an ANSI C-conforming const
configure:4817: gcc -c -g -O2  conftest.c >&5
configure:4817: $? = 0
configure:4824: result: yes
configure:4834: checking for working memcmp
configure:4877: gcc -o conftest -g -O2   conftest.c  >&5
configure:4877: $? = 0
configure:4877: ./conftest
configure:4877: $? = 0
configure:4887: result: yes
configure:4898: checking for vprintf
configure:4898: gcc -o conftest -g -O2   conftest.c  >&5
conftest.c:46:6: warning: conflicting types for built-in function 'vprintf'; expected 'int(const char *, __va_list_tag *)' [-Wbuiltin-declaration-mismatch]
   46 | char vprintf ();
      |      ^~~~~~~
conftest.c:34:1: note: 'vprintf' is declared in header '<stdio.h>'
   33 | # include <limits.h>
   34 | #else
configure:4898: $? = 0
configure:4898: result: yes
configure:4904: checking for _doprnt
configure:4904: gcc -o conftest -g -O2   conftest.c  >&5
/usr/bin/ld: /tmp/ccbHtCa1.o: in function `main':
/dew-lover/tools/idba-1.1.3/conftest.c:58: undefined reference to `_doprnt'
collect2: error: ld returned 1 exit status
configure:4904: $? = 1
configure: failed program was:
| /* confdefs.h */
| #define PACKAGE_NAME "idba"
| #define PACKAGE_TARNAME "idba"
| #define PACKAGE_VERSION "1.1.3"
| #define PACKAGE_STRING "idba 1.1.3"
| #define PACKAGE_BUGREPORT "loneknightpy@gmail.com"
| #define PACKAGE_URL ""
| #define PACKAGE "idba"
| #define VERSION "1.1.3"
| #define STDC_HEADERS 1
| #define HAVE_SYS_TYPES_H 1
| #define HAVE_SYS_STAT_H 1
| #define HAVE_STDLIB_H 1
| #define HAVE_STRING_H 1
| #define HAVE_MEMORY_H 1
| #define HAVE_STRINGS_H 1
| #define HAVE_INTTYPES_H 1
| #define HAVE_STDINT_H 1
| #define HAVE_UNISTD_H 1
| #define HAVE__BOOL 1
| #define HAVE_STDBOOL_H 1
| #define HAVE_VPRINTF 1
| /* end confdefs.h.  */
| /* Define _doprnt to an innocuous variant, in case <limits.h> declares _doprnt.
|    For example, HP-UX 11i <limits.h> declares gettimeofday.  */
| #define _doprnt innocuous__doprnt
| 
| /* System header to define __stub macros and hopefully few prototypes,
|     which can conflict with char _doprnt (); below.
|     Prefer <limits.h> to <assert.h> if __STDC__ is defined, since
|     <limits.h> exists even on freestanding compilers.  */
| 
| #ifdef __STDC__
| # include <limits.h>
| #else
| # include <assert.h>
| #endif
| 
| #undef _doprnt
| 
| /* Override any GCC internal prototype to avoid an error.
|    Use char because int might match the return type of a GCC
|    builtin and then its argument prototype would still apply.  */
| #ifdef __cplusplus
| extern "C"
| #endif
| char _doprnt ();
| /* The GNU C library defines this for functions which it implements
|     to always fail with ENOSYS.  Some functions are actually named
|     something starting with __ and the normal name is an alias.  */
| #if defined __stub__doprnt || defined __stub____doprnt
| choke me
| #endif
| 
| int
| main ()
| {
| return _doprnt ();
|   ;
|   return 0;
| }
configure:4904: result: no
configure:4917: checking for sqrt
configure:4917: gcc -o conftest -g -O2   conftest.c  >&5
conftest.c:47:6: warning: conflicting types for built-in function 'sqrt'; expected 'double(double)' [-Wbuiltin-declaration-mismatch]
   47 | char sqrt ();
      |      ^~~~
conftest.c:35:1: note: 'sqrt' is declared in header '<math.h>'
   34 | # include <limits.h>
   35 | #else
/usr/bin/ld: /tmp/cc9rNUw1.o: in function `main':
/dew-lover/tools/idba-1.1.3/conftest.c:58: undefined reference to `sqrt'
collect2: error: ld returned 1 exit status
configure:4917: $? = 1
configure: failed program was:
| /* confdefs.h */
| #define PACKAGE_NAME "idba"
| #define PACKAGE_TARNAME "idba"
| #define PACKAGE_VERSION "1.1.3"
| #define PACKAGE_STRING "idba 1.1.3"
| #define PACKAGE_BUGREPORT "loneknightpy@gmail.com"
| #define PACKAGE_URL ""
| #define PACKAGE "idba"
| #define VERSION "1.1.3"
| #define STDC_HEADERS 1
| #define HAVE_SYS_TYPES_H 1
| #define HAVE_SYS_STAT_H 1
| #define HAVE_STDLIB_H 1
| #define HAVE_STRING_H 1
| #define HAVE_MEMORY_H 1
| #define HAVE_STRINGS_H 1
| #define HAVE_INTTYPES_H 1
| #define HAVE_STDINT_H 1
| #define HAVE_UNISTD_H 1
| #define HAVE__BOOL 1
| #define HAVE_STDBOOL_H 1
| #define HAVE_VPRINTF 1
| /* end confdefs.h.  */
| /* Define sqrt to an innocuous variant, in case <limits.h> declares sqrt.
|    For example, HP-UX 11i <limits.h> declares gettimeofday.  */
| #define sqrt innocuous_sqrt
| 
| /* System header to define __stub macros and hopefully few prototypes,
|     which can conflict with char sqrt (); below.
|     Prefer <limits.h> to <assert.h> if __STDC__ is defined, since
|     <limits.h> exists even on freestanding compilers.  */
| 
| #ifdef __STDC__
| # include <limits.h>
| #else
| # include <assert.h>
| #endif
| 
| #undef sqrt
| 
| /* Override any GCC internal prototype to avoid an error.
|    Use char because int might match the return type of a GCC
|    builtin and then its argument prototype would still apply.  */
| #ifdef __cplusplus
| extern "C"
| #endif
| char sqrt ();
| /* The GNU C library defines this for functions which it implements
|     to always fail with ENOSYS.  Some functions are actually named
|     something starting with __ and the normal name is an alias.  */
| #if defined __stub_sqrt || defined __stub___sqrt
| choke me
| #endif
| 
| int
| main ()
| {
| return sqrt ();
|   ;
|   return 0;
| }
configure:4917: result: no
configure:5030: checking that generated files are newer than configure
configure:5036: result: done
configure:5063: creating ./config.status

## ---------------------- ##
## Running config.status. ##
## ---------------------- ##

This file was extended by idba config.status 1.1.3, which was
generated by GNU Autoconf 2.69.  Invocation command line was

  CONFIG_FILES    = 
  CONFIG_HEADERS  = 
  CONFIG_LINKS    = 
  CONFIG_COMMANDS = 
  $ ./config.status 

on rapid-1372.vm.duke.edu

config.status:862: creating Makefile
config.status:862: creating bin/Makefile
config.status:862: creating lib/Makefile
config.status:862: creating test/Makefile
config.status:862: creating script/Makefile
config.status:862: creating config.h
config.status:1091: executing depfiles commands

## ---------------- ##
## Cache variables. ##
## ---------------- ##

ac_cv_c_compiler_gnu=yes
ac_cv_c_const=yes
ac_cv_cxx_compiler_gnu=yes
ac_cv_env_CCC_set=
ac_cv_env_CCC_value=
ac_cv_env_CC_set=
ac_cv_env_CC_value=
ac_cv_env_CFLAGS_set=
ac_cv_env_CFLAGS_value=
ac_cv_env_CPPFLAGS_set=
ac_cv_env_CPPFLAGS_value=
ac_cv_env_CPP_set=
ac_cv_env_CPP_value=
ac_cv_env_CXXFLAGS_set=
ac_cv_env_CXXFLAGS_value=
ac_cv_env_CXX_set=
ac_cv_env_CXX_value=
ac_cv_env_LDFLAGS_set=
ac_cv_env_LDFLAGS_value=
ac_cv_env_LIBS_set=
ac_cv_env_LIBS_value=
ac_cv_env_build_alias_set=
ac_cv_env_build_alias_value=
ac_cv_env_host_alias_set=
ac_cv_env_host_alias_value=
ac_cv_env_target_alias_set=
ac_cv_env_target_alias_value=
ac_cv_func__doprnt=no
ac_cv_func_memcmp_working=yes
ac_cv_func_sqrt=no
ac_cv_func_vprintf=yes
ac_cv_header_inttypes_h=yes
ac_cv_header_memory_h=yes
ac_cv_header_stdbool_h=yes
ac_cv_header_stdc=yes
ac_cv_header_stdint_h=yes
ac_cv_header_stdlib_h=yes
ac_cv_header_string_h=yes
ac_cv_header_strings_h=yes
ac_cv_header_sys_stat_h=yes
ac_cv_header_sys_types_h=yes
ac_cv_header_unistd_h=yes
ac_cv_objext=o
ac_cv_path_EGREP='/bin/grep -E'
ac_cv_path_GREP=/bin/grep
ac_cv_path_install='/usr/bin/install -c'
ac_cv_path_mkdir=/bin/mkdir
ac_cv_prog_AWK=mawk
ac_cv_prog_CPP='gcc -E'
ac_cv_prog_ac_ct_CC=gcc
ac_cv_prog_ac_ct_CXX=g++
ac_cv_prog_ac_ct_RANLIB=ranlib
ac_cv_prog_cc_c89=
ac_cv_prog_cc_g=yes
ac_cv_prog_cxx_g=yes
ac_cv_prog_make_make_set=yes
ac_cv_type__Bool=yes
am_cv_CC_dependencies_compiler_type=gcc3
am_cv_CXX_dependencies_compiler_type=gcc3
am_cv_make_support_nested_variables=yes
am_cv_prog_cc_c_o=yes

## ----------------- ##
## Output variables. ##
## ----------------- ##

ACLOCAL='${SHELL} /dew-lover/tools/idba-1.1.3/missing aclocal-1.14'
AMDEPBACKSLASH='\'
AMDEP_FALSE='#'
AMDEP_TRUE=''
AMTAR='$${TAR-tar}'
AM_BACKSLASH='\'
AM_DEFAULT_V='$(AM_DEFAULT_VERBOSITY)'
AM_DEFAULT_VERBOSITY='1'
AM_V='$(V)'
AUTOCONF='${SHELL} /dew-lover/tools/idba-1.1.3/missing autoconf'
AUTOHEADER='${SHELL} /dew-lover/tools/idba-1.1.3/missing autoheader'
AUTOMAKE='${SHELL} /dew-lover/tools/idba-1.1.3/missing automake-1.14'
AWK='mawk'
CC='gcc'
CCDEPMODE='depmode=gcc3'
CFLAGS='-g -O2'
CPP='gcc -E'
CPPFLAGS=''
CXX='g++'
CXXDEPMODE='depmode=gcc3'
CXXFLAGS='-g -O2'
CYGPATH_W='echo'
DEFS='-DHAVE_CONFIG_H'
DEPDIR='.deps'
ECHO_C=''
ECHO_N='-n'
ECHO_T=''
EGREP='/bin/grep -E'
EXEEXT=''
GREP='/bin/grep'
INSTALL_DATA='${INSTALL} -m 644'
INSTALL_PROGRAM='${INSTALL}'
INSTALL_SCRIPT='${INSTALL}'
INSTALL_STRIP_PROGRAM='$(install_sh) -c -s'
LDFLAGS=''
LIBOBJS=''
LIBS=''
LTLIBOBJS=''
MAKEINFO='${SHELL} /dew-lover/tools/idba-1.1.3/missing makeinfo'
MKDIR_P='/bin/mkdir -p'
OBJEXT='o'
PACKAGE='idba'
PACKAGE_BUGREPORT='loneknightpy@gmail.com'
PACKAGE_NAME='idba'
PACKAGE_STRING='idba 1.1.3'
PACKAGE_TARNAME='idba'
PACKAGE_URL=''
PACKAGE_VERSION='1.1.3'
PATH_SEPARATOR=':'
RANLIB='ranlib'
SET_MAKE=''
SHELL='/bin/bash'
STRIP=''
VERSION='1.1.3'
ac_ct_CC='gcc'
ac_ct_CXX='g++'
am__EXEEXT_FALSE=''
am__EXEEXT_TRUE='#'
am__fastdepCC_FALSE='#'
am__fastdepCC_TRUE=''
am__fastdepCXX_FALSE='#'
am__fastdepCXX_TRUE=''
am__include='include'
am__isrc=''
am__leading_dot='.'
am__nodep='_no'
am__quote=''
am__tar='$${TAR-tar} chof - "$$tardir"'
am__untar='$${TAR-tar} xf -'
bindir='${exec_prefix}/bin'
build_alias=''
datadir='${datarootdir}'
datarootdir='${prefix}/share'
docdir='${datarootdir}/doc/${PACKAGE_TARNAME}'
dvidir='${docdir}'
exec_prefix='${prefix}'
host_alias=''
htmldir='${docdir}'
includedir='${prefix}/include'
infodir='${datarootdir}/info'
install_sh='${SHELL} /dew-lover/tools/idba-1.1.3/install-sh'
libdir='${exec_prefix}/lib'
libexecdir='${exec_prefix}/libexec'
localedir='${datarootdir}/locale'
localstatedir='${prefix}/var'
mandir='${datarootdir}/man'
mkdir_p='$(MKDIR_P)'
oldincludedir='/usr/include'
pdfdir='${docdir}'
prefix='/usr/local'
program_transform_name='s,x,x,'
psdir='${docdir}'
sbindir='${exec_prefix}/sbin'
sharedstatedir='${prefix}/com'
sysconfdir='${prefix}/etc'
target_alias=''

## ----------- ##
## confdefs.h. ##
## ----------- ##

/* confdefs.h */
#define PACKAGE_NAME "idba"
#define PACKAGE_TARNAME "idba"
#define PACKAGE_VERSION "1.1.3"
#define PACKAGE_STRING "idba 1.1.3"
#define PACKAGE_BUGREPORT "loneknightpy@gmail.com"
#define PACKAGE_URL ""
#define PACKAGE "idba"
#define VERSION "1.1.3"
#define STDC_HEADERS 1
#define HAVE_SYS_TYPES_H 1
#define HAVE_SYS_STAT_H 1
#define HAVE_STDLIB_H 1
#define HAVE_STRING_H 1
#define HAVE_MEMORY_H 1
#define HAVE_STRINGS_H 1
#define HAVE_INTTYPES_H 1
#define HAVE_STDINT_H 1
#define HAVE_UNISTD_H 1
#define HAVE__BOOL 1
#define HAVE_STDBOOL_H 1
#define HAVE_VPRINTF 1

configure: exit 0
